  [1m[35m (1.4ms)[0m  [1m[35mCREATE TABLE "schema_migrations" ("version" varchar NOT NULL PRIMARY KEY)[0m
  [1m[35m (3.1ms)[0m  [1m[35mCREATE TABLE "ar_internal_metadata" ("key" varchar NOT NULL PRIMARY KEY, "value" varchar, "created_at" datetime(6) NOT NULL, "updated_at" datetime(6) NOT NULL)[0m
  [1m[36mActiveRecord::SchemaMigration Pluck (0.3ms)[0m  [1m[34mSELECT "schema_migrations"."version" FROM "schema_migrations" ORDER BY "schema_migrations"."version" ASC[0m
Migrating to CreateMovies (20230711175007)
  [1m[36mTRANSACTION (0.1ms)[0m  [1m[36mbegin transaction[0m
  [1m[35m (0.8ms)[0m  [1m[35mCREATE TABLE "movies" ("id" integer PRIMARY KEY AUTOINCREMENT NOT NULL, "title" varchar, "duration" integer, "created_at" datetime(6) NOT NULL, "updated_at" datetime(6) NOT NULL)[0m
  [1m[36mActiveRecord::SchemaMigration Create (0.4ms)[0m  [1m[32mINSERT INTO "schema_migrations" ("version") VALUES (?)[0m  [["version", "20230711175007"]]
  [1m[36mTRANSACTION (2.9ms)[0m  [1m[36mcommit transaction[0m
Migrating to CreateShows (20230711175049)
  [1m[36mTRANSACTION (0.1ms)[0m  [1m[36mbegin transaction[0m
  [1m[35m (0.7ms)[0m  [1m[35mCREATE TABLE "shows" ("id" integer PRIMARY KEY AUTOINCREMENT NOT NULL, "title" varchar, "episodes" integer, "created_at" datetime(6) NOT NULL, "updated_at" datetime(6) NOT NULL)[0m
  [1m[36mActiveRecord::SchemaMigration Create (0.5ms)[0m  [1m[32mINSERT INTO "schema_migrations" ("version") VALUES (?)[0m  [["version", "20230711175049"]]
  [1m[36mTRANSACTION (8.1ms)[0m  [1m[36mcommit transaction[0m
Migrating to CreateActors (20230711175132)
  [1m[36mTRANSACTION (0.1ms)[0m  [1m[36mbegin transaction[0m
  [1m[35m (1.3ms)[0m  [1m[35mCREATE TABLE "actors" ("id" integer PRIMARY KEY AUTOINCREMENT NOT NULL, "name" varchar, "created_at" datetime(6) NOT NULL, "updated_at" datetime(6) NOT NULL)[0m
  [1m[36mActiveRecord::SchemaMigration Create (0.3ms)[0m  [1m[32mINSERT INTO "schema_migrations" ("version") VALUES (?)[0m  [["version", "20230711175132"]]
  [1m[36mTRANSACTION (3.0ms)[0m  [1m[36mcommit transaction[0m
Migrating to AddProductionToActor (20230711175238)
  [1m[36mTRANSACTION (0.1ms)[0m  [1m[36mbegin transaction[0m
  [1m[35m (1.1ms)[0m  [1m[35mALTER TABLE "actors" ADD "production_id" integer[0m
  [1m[35m (0.5ms)[0m  [1m[35mALTER TABLE "actors" ADD "production_type" varchar[0m
  [1m[36mActiveRecord::SchemaMigration Create (0.2ms)[0m  [1m[32mINSERT INTO "schema_migrations" ("version") VALUES (?)[0m  [["version", "20230711175238"]]
  [1m[36mTRANSACTION (2.5ms)[0m  [1m[36mcommit transaction[0m
  [1m[36mActiveRecord::InternalMetadata Load (0.3ms)[0m  [1m[34mSELECT "ar_internal_metadata".* FROM "ar_internal_metadata" WHERE "ar_internal_metadata"."key" = ? LIMIT ?[0m  [["key", "environment"], ["LIMIT", 1]]
  [1m[36mTRANSACTION (0.1ms)[0m  [1m[36mbegin transaction[0m
  [1m[36mActiveRecord::InternalMetadata Create (0.6ms)[0m  [1m[32mINSERT INTO "ar_internal_metadata" ("key", "value", "created_at", "updated_at") VALUES (?, ?, ?, ?)[0m  [["key", "environment"], ["value", "development"], ["created_at", "2023-07-11 17:53:25.921790"], ["updated_at", "2023-07-11 17:53:25.921790"]]
  [1m[36mTRANSACTION (2.6ms)[0m  [1m[36mcommit transaction[0m
  [1m[36mActiveRecord::SchemaMigration Pluck (0.3ms)[0m  [1m[34mSELECT "schema_migrations"."version" FROM "schema_migrations" ORDER BY "schema_migrations"."version" ASC[0m
  [1m[36mTRANSACTION (0.1ms)[0m  [1m[36mbegin transaction[0m
  [1m[36mShow Create (5.3ms)[0m  [1m[32mINSERT INTO "shows" ("title", "episodes", "created_at", "updated_at") VALUES (?, ?, ?, ?)[0m  [["title", "How I Met Your Mother"], ["episodes", nil], ["created_at", "2023-07-11 20:28:20.425774"], ["updated_at", "2023-07-11 20:28:20.425774"]]
  [1m[36mTRANSACTION (2.6ms)[0m  [1m[36mcommit transaction[0m
  [1m[36mTRANSACTION (0.1ms)[0m  [1m[36mbegin transaction[0m
  [1m[36mActor Create (3.6ms)[0m  [1m[32mINSERT INTO "actors" ("name", "created_at", "updated_at", "production_id", "production_type") VALUES (?, ?, ?, ?, ?)[0m  [["name", "Colby Smolders"], ["created_at", "2023-07-11 20:29:11.528612"], ["updated_at", "2023-07-11 20:29:11.528612"], ["production_id", 1], ["production_type", "Show"]]
  [1m[36mTRANSACTION (3.2ms)[0m  [1m[36mcommit transaction[0m
  [1m[36mTRANSACTION (0.1ms)[0m  [1m[36mbegin transaction[0m
  [1m[36mActor Create (3.4ms)[0m  [1m[32mINSERT INTO "actors" ("name", "created_at", "updated_at", "production_id", "production_type") VALUES (?, ?, ?, ?, ?)[0m  [["name", "Neil Patrick Harris"], ["created_at", "2023-07-11 20:29:23.699241"], ["updated_at", "2023-07-11 20:29:23.699241"], ["production_id", 1], ["production_type", "Show"]]
  [1m[36mTRANSACTION (3.0ms)[0m  [1m[36mcommit transaction[0m
  [1m[36mShow Load (2.9ms)[0m  [1m[34mSELECT "shows".* FROM "shows" ORDER BY "shows"."id" ASC LIMIT ?[0m  [["LIMIT", 1]]
  [1m[36mActor Load (1.1ms)[0m  [1m[34mSELECT "actors".* FROM "actors" WHERE "actors"."production_id" = ? AND "actors"."production_type" = ?[0m  [["production_id", 1], ["production_type", "Show"]]
  [1m[36mTRANSACTION (0.1ms)[0m  [1m[36mbegin transaction[0m
  [1m[36mMovie Create (5.3ms)[0m  [1m[32mINSERT INTO "movies" ("title", "duration", "created_at", "updated_at") VALUES (?, ?, ?, ?)[0m  [["title", "Fight Club"], ["duration", nil], ["created_at", "2023-07-11 20:30:57.108998"], ["updated_at", "2023-07-11 20:30:57.108998"]]
  [1m[36mTRANSACTION (3.3ms)[0m  [1m[36mcommit transaction[0m
  [1m[36mTRANSACTION (0.2ms)[0m  [1m[36mbegin transaction[0m
  [1m[36mActor Create (1.3ms)[0m  [1m[32mINSERT INTO "actors" ("name", "created_at", "updated_at", "production_id", "production_type") VALUES (?, ?, ?, ?, ?)[0m  [["name", "Brad Pitt"], ["created_at", "2023-07-11 20:31:18.432734"], ["updated_at", "2023-07-11 20:31:18.432734"], ["production_id", 1], ["production_type", "Movie"]]
  [1m[36mTRANSACTION (3.2ms)[0m  [1m[36mcommit transaction[0m
  [1m[36mTRANSACTION (0.1ms)[0m  [1m[36mbegin transaction[0m
  [1m[36mActor Create (0.5ms)[0m  [1m[32mINSERT INTO "actors" ("name", "created_at", "updated_at", "production_id", "production_type") VALUES (?, ?, ?, ?, ?)[0m  [["name", "Edward Norton"], ["created_at", "2023-07-11 20:31:27.535899"], ["updated_at", "2023-07-11 20:31:27.535899"], ["production_id", 1], ["production_type", "Movie"]]
  [1m[36mTRANSACTION (2.7ms)[0m  [1m[36mcommit transaction[0m
  [1m[36mMovie Load (2.7ms)[0m  [1m[34mSELECT "movies".* FROM "movies" ORDER BY "movies"."id" ASC LIMIT ?[0m  [["LIMIT", 1]]
  [1m[36mActor Load (0.2ms)[0m  [1m[34mSELECT "actors".* FROM "actors" WHERE "actors"."production_id" = ? AND "actors"."production_type" = ?[0m  [["production_id", 1], ["production_type", "Movie"]]
